Determining if the pthread_create exist failed with the following output:
Change Dir: /home/eri/code/slambook2/ch4/CMakeFiles/CMakeTmp

Run Build Command:"/usr/bin/make" "cmTC_1a6df/fast"
/usr/bin/make -f CMakeFiles/cmTC_1a6df.dir/build.make CMakeFiles/cmTC_1a6df.dir/build
make[1]: Entering directory '/home/eri/code/slambook2/ch4/CMakeFiles/CMakeTmp'
Building C object CMakeFiles/cmTC_1a6df.dir/CheckSymbolExists.c.o
/usr/bin/cc    -o CMakeFiles/cmTC_1a6df.dir/CheckSymbolExists.c.o   -c /home/eri/code/slambook2/ch4/CMakeFiles/CMakeTmp/CheckSymbolExists.c
Linking C executable cmTC_1a6df
/usr/bin/cmake -E cmake_link_script CMakeFiles/cmTC_1a6df.dir/link.txt --verbose=1
/usr/bin/cc      -rdynamic CMakeFiles/cmTC_1a6df.dir/CheckSymbolExists.c.o  -o cmTC_1a6df 
CMakeFiles/cmTC_1a6df.dir/CheckSymbolExists.c.o: In function `main':
CheckSymbolExists.c:(.text+0x1b): undefined reference to `pthread_create'
collect2: error: ld returned 1 exit status
CMakeFiles/cmTC_1a6df.dir/build.make:97: recipe for target 'cmTC_1a6df' failed
make[1]: *** [cmTC_1a6df] Error 1
make[1]: Leaving directory '/home/eri/code/slambook2/ch4/CMakeFiles/CMakeTmp'
Makefile:126: recipe for target 'cmTC_1a6df/fast' failed
make: *** [cmTC_1a6df/fast] Error 2

File /home/eri/code/slambook2/ch4/CMakeFiles/CMakeTmp/CheckSymbolExists.c:
/* */
#include <pthread.h>

int main(int argc, char** argv)
{
  (void)argv;
#ifndef pthread_create
  return ((int*)(&pthread_create))[argc];
#else
  (void)argc;
  return 0;
#endif
}

Determining if the function pthread_create exists in the pthreads failed with the following output:
Change Dir: /home/eri/code/slambook2/ch4/CMakeFiles/CMakeTmp

Run Build Command:"/usr/bin/make" "cmTC_6af8d/fast"
/usr/bin/make -f CMakeFiles/cmTC_6af8d.dir/build.make CMakeFiles/cmTC_6af8d.dir/build
make[1]: Entering directory '/home/eri/code/slambook2/ch4/CMakeFiles/CMakeTmp'
Building C object CMakeFiles/cmTC_6af8d.dir/CheckFunctionExists.c.o
/usr/bin/cc   -DCHECK_FUNCTION_EXISTS=pthread_create   -o CMakeFiles/cmTC_6af8d.dir/CheckFunctionExists.c.o   -c /usr/share/cmake-3.10/Modules/CheckFunctionExists.c
Linking C executable cmTC_6af8d
/usr/bin/cmake -E cmake_link_script CMakeFiles/cmTC_6af8d.dir/link.txt --verbose=1
/usr/bin/cc  -DCHECK_FUNCTION_EXISTS=pthread_create    -rdynamic CMakeFiles/cmTC_6af8d.dir/CheckFunctionExists.c.o  -o cmTC_6af8d -lpthreads 
/usr/bin/ld: cannot find -lpthreads
collect2: error: ld returned 1 exit status
CMakeFiles/cmTC_6af8d.dir/build.make:97: recipe for target 'cmTC_6af8d' failed
make[1]: *** [cmTC_6af8d] Error 1
make[1]: Leaving directory '/home/eri/code/slambook2/ch4/CMakeFiles/CMakeTmp'
Makefile:126: recipe for target 'cmTC_6af8d/fast' failed
make: *** [cmTC_6af8d/fast] Error 2


