Determining if the pthread_create exist failed with the following output:
Change Dir: /home/eri/code/slambook2/ch5/rgbd/CMakeFiles/CMakeTmp

Run Build Command:"/usr/bin/make" "cmTC_8c295/fast"
/usr/bin/make -f CMakeFiles/cmTC_8c295.dir/build.make CMakeFiles/cmTC_8c295.dir/build
make[1]: Entering directory '/home/eri/code/slambook2/ch5/rgbd/CMakeFiles/CMakeTmp'
Building C object CMakeFiles/cmTC_8c295.dir/CheckSymbolExists.c.o
/usr/bin/cc    -o CMakeFiles/cmTC_8c295.dir/CheckSymbolExists.c.o   -c /home/eri/code/slambook2/ch5/rgbd/CMakeFiles/CMakeTmp/CheckSymbolExists.c
Linking C executable cmTC_8c295
/usr/bin/cmake -E cmake_link_script CMakeFiles/cmTC_8c295.dir/link.txt --verbose=1
/usr/bin/cc      -rdynamic CMakeFiles/cmTC_8c295.dir/CheckSymbolExists.c.o  -o cmTC_8c295 
CMakeFiles/cmTC_8c295.dir/CheckSymbolExists.c.o: In function `main':
CheckSymbolExists.c:(.text+0x1b): undefined reference to `pthread_create'
collect2: error: ld returned 1 exit status
CMakeFiles/cmTC_8c295.dir/build.make:97: recipe for target 'cmTC_8c295' failed
make[1]: *** [cmTC_8c295] Error 1
make[1]: Leaving directory '/home/eri/code/slambook2/ch5/rgbd/CMakeFiles/CMakeTmp'
Makefile:126: recipe for target 'cmTC_8c295/fast' failed
make: *** [cmTC_8c295/fast] Error 2

File /home/eri/code/slambook2/ch5/rgbd/CMakeFiles/CMakeTmp/CheckSymbolExists.c:
/* */
#include <pthread.h>

int main(int argc, char** argv)
{
  (void)argv;
#ifndef pthread_create
  return ((int*)(&pthread_create))[argc];
#else
  (void)argc;
  return 0;
#endif
}

Determining if the function pthread_create exists in the pthreads failed with the following output:
Change Dir: /home/eri/code/slambook2/ch5/rgbd/CMakeFiles/CMakeTmp

Run Build Command:"/usr/bin/make" "cmTC_dbecf/fast"
/usr/bin/make -f CMakeFiles/cmTC_dbecf.dir/build.make CMakeFiles/cmTC_dbecf.dir/build
make[1]: Entering directory '/home/eri/code/slambook2/ch5/rgbd/CMakeFiles/CMakeTmp'
Building C object CMakeFiles/cmTC_dbecf.dir/CheckFunctionExists.c.o
/usr/bin/cc   -DCHECK_FUNCTION_EXISTS=pthread_create   -o CMakeFiles/cmTC_dbecf.dir/CheckFunctionExists.c.o   -c /usr/share/cmake-3.10/Modules/CheckFunctionExists.c
Linking C executable cmTC_dbecf
/usr/bin/cmake -E cmake_link_script CMakeFiles/cmTC_dbecf.dir/link.txt --verbose=1
/usr/bin/cc  -DCHECK_FUNCTION_EXISTS=pthread_create    -rdynamic CMakeFiles/cmTC_dbecf.dir/CheckFunctionExists.c.o  -o cmTC_dbecf -lpthreads 
/usr/bin/ld: cannot find -lpthreads
collect2: error: ld returned 1 exit status
CMakeFiles/cmTC_dbecf.dir/build.make:97: recipe for target 'cmTC_dbecf' failed
make[1]: *** [cmTC_dbecf] Error 1
make[1]: Leaving directory '/home/eri/code/slambook2/ch5/rgbd/CMakeFiles/CMakeTmp'
Makefile:126: recipe for target 'cmTC_dbecf/fast' failed
make: *** [cmTC_dbecf/fast] Error 2


